<!DOCTYPE html PUBLIC "-//W3C//DTD XHTML 1.0 Transitional//EN" "http://www.w3.org/TR/xhtml1/DTD/xhtml1-transitional.dtd"><html xmlns="http://www.w3.org/1999/xhtml"><head><link type="text/css" rel="stylesheet" href="src/main/resources/site.css"></link></head><body><img alt="" src="src/main/resources/baad.jpeg" class="headerImage"><div class="HeaderTable">Total tests count: 4</div><div class="HeaderTable">Passed tests: 1</div><div class="HeaderTable">Failed tests: 3</div><div class="AfterHeader"><div>[TestClass class tests.Test]</div><div>findFeatures</div><div>Failure</div></div><div class="AfterHeader"><div>[TestClass class tests.Test]</div><div>findLive</div><div>Failure</div></div><div class="AfterHeader"><div>[TestClass class tests.Test]</div><div>findMusic</div><div>Failure</div></div><div class="AllTestsSuccess"><div>[TestClass class tests.Test]</div><div>findEvents</div><div>Success</div></div><div class="AllTestsFailed"><div>[TestClass class tests.Test]</div><div>findFeatures</div><div>Failure</div></div><div class="AllTestsFailed"><div>[TestClass class tests.Test]</div><div>findLive</div><div>Failure</div></div><div class="AllTestsFailed"><div>[TestClass class tests.Test]</div><div>findMusic</div><div>Failure</div></div><div class="Lowest">[TestClass class tests.Test] findFeatures Failure
</div><div>org.openqa.selenium.NoSuchElementException: Unable to locate element: {"method":"css selector","selector":"[href='ru/featuresERROR']"}
Command duration or timeout: 4.73 seconds
For documentation on this error, please visit: http://seleniumhq.org/exceptions/no_such_element.html
Build info: version: '2.46.0', revision: '61506a4624b13675f24581e453592342b7485d71', time: '2015-06-04 10:22:50'
System info: host: 'sergueik53', ip: '192.168.33.1', os.name: 'Windows 8.1', os.arch: 'amd64', os.version: '6.3', java.version: '1.7.0_79'
*** Element info: {Using=css selector, value=[href='ru/featuresERROR']}
Session ID: 190ca038-12b4-47db-be6e-f85cf63e5e94
Driver info: org.openqa.selenium.firefox.FirefoxDriver
Capabilities [{platform=WINDOWS, acceptSslCerts=true, javascriptEnabled=true, cssSelectorsEnabled=true, databaseEnabled=true, browserName=firefox, handlesAlerts=true, nativeEvents=false, webStorageEnabled=true, rotatable=false, locationContextEnabled=true, applicationCacheEnabled=true, takesScreenshot=true, version=40.0.3}]</div><div class="Lowest">[TestClass class tests.Test] findLive Failure
</div><div>java.lang.AssertionError</div><div class="Lowest">[TestClass class tests.Test] findMusic Failure
</div><div>java.lang.AssertionError</div></body></html>